
/home/runner/work/exp-subsurface-investigation-nitk/exp-subsurface-investigation-nitk/experiment/simulation/js/script.js
     2:10  warning  'navNext' is defined but never used        no-unused-vars
     4:6   warning  'temp' is not defined                      no-undef
     4:13  warning  'temp' is not defined                      no-undef
     4:21  warning  'temp' is not defined                      no-undef
     6:35  warning  'temp' is not defined                      no-undef
     8:2   warning  'simsubscreennum' is not defined           no-undef
     9:35  warning  'simsubscreennum' is not defined           no-undef
    23:16  warning  'myInt' is not defined                     no-undef
    29:5   warning  'simsubscreennum' is not defined           no-undef
    31:3   warning  'myInt' is not defined                     no-undef
    40:3   warning  Mixed spaces and tabs                      no-mixed-spaces-and-tabs
    41:2   warning  Mixed spaces and tabs                      no-mixed-spaces-and-tabs
    48:9   warning  'simsubscreennum' is not defined           no-undef
    51:5   warning  'myInt' is not defined                     no-undef
    77:2   warning  'myInt' is not defined                     no-undef
   103:9   warning  'simsubscreennum' is not defined           no-undef
   116:2   warning  'myInt' is not defined                     no-undef
   138:3   warning  'myInt' is not defined                     no-undef
   151:4   warning  'myInt' is not defined                     no-undef
   173:5   warning  'myInt' is not defined                     no-undef
   231:9   warning  'simsubscreennum' is not defined           no-undef
   238:2   warning  'myInt' is not defined                     no-undef
   247:3   warning  Mixed spaces and tabs                      no-mixed-spaces-and-tabs
   255:2   warning  'myInt' is not defined                     no-undef
   267:4   warning  'myInt' is not defined                     no-undef
   283:6   warning  'myInt' is not defined                     no-undef
   305:8   warning  'myInt' is not defined                     no-undef
   317:8   warning  'myInt' is not defined                     no-undef
   333:9   warning  'myInt' is not defined                     no-undef
   356:9   warning  'simsubscreennum' is not defined           no-undef
   366:10  warning  'myInt' is not defined                     no-undef
   382:10  warning  'myInt' is not defined                     no-undef
   392:9   warning  'myInt' is not defined                     no-undef
   411:11  warning  'myInt' is not defined                     no-undef
   418:12  warning  'myInt' is not defined                     no-undef
   439:9   warning  'simsubscreennum' is not defined           no-undef
   449:3   warning  'myInt' is not defined                     no-undef
   460:1   warning  Mixed spaces and tabs                      no-mixed-spaces-and-tabs
   461:1   warning  Mixed spaces and tabs                      no-mixed-spaces-and-tabs
   462:1   warning  Mixed spaces and tabs                      no-mixed-spaces-and-tabs
   471:1   warning  Mixed spaces and tabs                      no-mixed-spaces-and-tabs
   472:1   warning  Mixed spaces and tabs                      no-mixed-spaces-and-tabs
   473:1   warning  Mixed spaces and tabs                      no-mixed-spaces-and-tabs
   561:12  warning  'myInt' is not defined                     no-undef
   583:4   warning  Mixed spaces and tabs                      no-mixed-spaces-and-tabs
   590:9   warning  'simsubscreennum' is not defined           no-undef
   611:11  warning  'myInt' is not defined                     no-undef
   623:12  warning  'myInt' is not defined                     no-undef
   635:12  warning  'myInt' is not defined                     no-undef
   659:9   warning  'simsubscreennum' is not defined           no-undef
   665:2   warning  'myInt' is not defined                     no-undef
   676:3   warning  'myInt' is not defined                     no-undef
   689:9   warning  'simsubscreennum' is not defined           no-undef
   711:9   warning  'simsubscreennum' is not defined           no-undef
   737:10  warning  'myInt' is not defined                     no-undef
   753:10  warning  'myInt' is not defined                     no-undef
   763:9   warning  'myInt' is not defined                     no-undef
   782:11  warning  'myInt' is not defined                     no-undef
   789:12  warning  'myInt' is not defined                     no-undef
   809:9   warning  'simsubscreennum' is not defined           no-undef
   819:3   warning  'myInt' is not defined                     no-undef
   839:3   warning  Mixed spaces and tabs                      no-mixed-spaces-and-tabs
   840:3   warning  Mixed spaces and tabs                      no-mixed-spaces-and-tabs
   841:3   warning  Mixed spaces and tabs                      no-mixed-spaces-and-tabs
   964:12  warning  'myInt' is not defined                     no-undef
  1002:9   warning  'simsubscreennum' is not defined           no-undef
  1023:2   warning  'myInt' is not defined                     no-undef
  1034:3   warning  'myInt' is not defined                     no-undef
  1045:4   warning  'myInt' is not defined                     no-undef
  1061:9   warning  'simsubscreennum' is not defined           no-undef
  1084:10  warning  'information1' is defined but never used   no-unused-vars
  1087:11  warning  'information1a' is defined but never used  no-unused-vars

✖ 72 problems (0 errors, 72 warnings)

